<?xml version="1.0" encoding="UTF-8"?>
<testsuite name="org.omegat.machinetranslators.deepseek.DeepSeekTranslateTest" tests="4" skipped="0" failures="0" errors="0" timestamp="2026-06-19T11:55:07.531Z" hostname="W10-20231029188" time="0.479">
  <properties/>
  <testcase name="createJsonRequestDynamicTemperature" classname="org.omegat.machinetranslators.deepseek.DeepSeekTranslateTest" time="0.438"/>
  <testcase name="extractTranslation" classname="org.omegat.machinetranslators.deepseek.DeepSeekTranslateTest" time="0.001"/>
  <testcase name="createJsonRequest" classname="org.omegat.machinetranslators.deepseek.DeepSeekTranslateTest" time="0.006"/>
  <testcase name="extractTranslationMissingChoiceFails" classname="org.omegat.machinetranslators.deepseek.DeepSeekTranslateTest" time="0.001"/>
  <system-out><![CDATA[]]></system-out>
  <system-err><![CDATA[]]></system-err>
</testsuite>
