<?xml version="1.0" encoding="UTF-8"?>
<testsuite name="org.omegat.machinetranslators.deepseek.DeepSeekTranslateTest" tests="7" skipped="0" failures="0" errors="0" timestamp="2026-06-25T22:15:24.249Z" hostname="W10-20231029188" time="0.633">
  <properties/>
  <testcase name="createJsonRequestDynamicTemperature" classname="org.omegat.machinetranslators.deepseek.DeepSeekTranslateTest" time="0.56"/>
  <testcase name="extractTranslation" classname="org.omegat.machinetranslators.deepseek.DeepSeekTranslateTest" time="0.001"/>
  <testcase name="glossaryModeStrictDoesNotCrashWithoutProject" classname="org.omegat.machinetranslators.deepseek.DeepSeekTranslateTest" time="0.028"/>
  <testcase name="glossaryModeNoneProducesStandardPrompt" classname="org.omegat.machinetranslators.deepseek.DeepSeekTranslateTest" time="0.001"/>
  <testcase name="createJsonRequest" classname="org.omegat.machinetranslators.deepseek.DeepSeekTranslateTest" time="0.002"/>
  <testcase name="extractTranslationMissingChoiceFails" classname="org.omegat.machinetranslators.deepseek.DeepSeekTranslateTest" time="0.001"/>
  <testcase name="glossaryModeReferenceDoesNotCrashWithoutProject" classname="org.omegat.machinetranslators.deepseek.DeepSeekTranslateTest" time="0.001"/>
  <system-out><![CDATA[]]></system-out>
  <system-err><![CDATA[]]></system-err>
</testsuite>
